<?xml version="1.0" encoding="UTF-8"?>
<!-- Generated by org.testng.reporters.JUnitReportReporter -->
<testsuite hostname="LAPTOP-75JQCC4S" failures="0" tests="4" name="runners.MainRunner" time="140.721" errors="0" timestamp="2022-07-17T03:17:30 CDT" skipped="0">
  <testcase classname="runners.MainRunner" name="runScenario" time="41.780"/>
  <system-out/>
  <testcase classname="runners.MainRunner" name="runScenario" time="14.687"/>
  <system-out/>
  <testcase classname="runners.MainRunner" name="runScenario" time="42.006"/>
  <system-out/>
  <testcase classname="runners.MainRunner" name="runScenario" time="42.248"/>
  <system-out/>
</testsuite> <!-- runners.MainRunner -->
